<?xml version="1.0" encoding="UTF-8"?>
<!-- Generated by org.testng.reporters.JUnitXMLReporter -->
<testsuite hostname="Christy" ignored="1" name="Test" tests="4" failures="0" timestamp="2022-07-19T16:22:06 IST" time="0.073" errors="0">
  <testcase name="dresses" time="0.01" classname="com.testng.Grouping_test"/>
  <testcase name="spotify" time="0.001" classname="com.testng.Grouping_test"/>
  <testcase name="tshirt" time="0.002" classname="com.testng.Grouping_test"/>
  <testcase name="wynk" time="0.004" classname="com.testng.Grouping_test"/>
  <testcase name="books" time="0.0" classname="com.testng.Grouping_test">
    <ignored/>
  </testcase> <!-- books -->
</testsuite> <!-- Test -->
